<?xml version="1.0" encoding="UTF-8"?>
<coverage generated="1786022705847" clover="3.2.0">
  <project timestamp="1786022705847" name="All files">
    <metrics statements="70" coveredstatements="69" conditionals="46" coveredconditionals="45" methods="8" coveredmethods="8" elements="124" coveredelements="122" complexity="0" loc="70" ncloc="70" packages="1" files="2" classes="2"/>
    <file name="decision-system.ts" path="D:\coding\WakeUp\kernel-l6-test\src\decision-system.ts">
      <metrics statements="69" coveredstatements="68" conditionals="46" coveredconditionals="45" methods="7" coveredmethods="7"/>
      <line num="3" count="1" type="stmt"/>
      <line num="4" count="380049" type="stmt"/>
      <line num="5" count="380049" type="stmt"/>
      <line num="8" count="64455" type="stmt"/>
      <line num="9" count="64455" type="stmt"/>
      <line num="13" count="399344" type="cond" truecount="2" falsecount="0"/>
      <line num="17" count="399344" type="cond" truecount="1" falsecount="0"/>
      <line num="18" count="2" type="stmt"/>
      <line num="21" count="399342" type="cond" truecount="2" falsecount="0"/>
      <line num="22" count="399342" type="cond" truecount="2" falsecount="0"/>
      <line num="25" count="399342" type="cond" truecount="3" falsecount="0"/>
      <line num="26" count="3" type="stmt"/>
      <line num="29" count="399342" type="cond" truecount="1" falsecount="0"/>
      <line num="30" count="1" type="stmt"/>
      <line num="33" count="399341" type="cond" truecount="1" falsecount="0"/>
      <line num="34" count="30009" type="stmt"/>
      <line num="35" count="30009" type="cond" truecount="1" falsecount="0"/>
      <line num="36" count="10001" type="stmt"/>
      <line num="41" count="389340" type="cond" truecount="1" falsecount="0"/>
      <line num="42" count="1" type="stmt"/>
      <line num="45" count="389339" type="stmt"/>
      <line num="58" count="389339" type="stmt"/>
      <line num="59" count="389339" type="stmt"/>
      <line num="63" count="511699" type="stmt"/>
      <line num="65" count="511699" type="cond" truecount="1" falsecount="0"/>
      <line num="66" count="10001" type="stmt"/>
      <line num="70" count="501698" type="stmt"/>
      <line num="72" count="501698" type="cond" truecount="1" falsecount="0"/>
      <line num="73" count="2" type="stmt"/>
      <line num="76" count="501696" type="cond" truecount="2" falsecount="0"/>
      <line num="80" count="501696" type="cond" truecount="1" falsecount="0"/>
      <line num="81" count="110001" type="stmt"/>
      <line num="85" count="391695" type="cond" truecount="1" falsecount="0"/>
      <line num="86" count="100002" type="stmt"/>
      <line num="90" count="291693" type="cond" truecount="3" falsecount="0"/>
      <line num="91" count="1" type="stmt"/>
      <line num="95" count="291692" type="cond" truecount="1" falsecount="0"/>
      <line num="96" count="10001" type="stmt"/>
      <line num="99" count="281691" type="stmt"/>
      <line num="102" count="281691" type="cond" truecount="1" falsecount="0"/>
      <line num="103" count="272950" type="stmt"/>
      <line num="108" count="71552" type="stmt"/>
      <line num="110" count="71552" type="cond" truecount="1" falsecount="0"/>
      <line num="111" count="1" type="stmt"/>
      <line num="114" count="71551" type="cond" truecount="1" falsecount="0"/>
      <line num="115" count="1" type="stmt"/>
      <line num="120" count="71550" type="cond" truecount="1" falsecount="0"/>
      <line num="121" count="3" type="stmt"/>
      <line num="125" count="71547" type="cond" truecount="4" falsecount="0"/>
      <line num="126" count="10001" type="stmt"/>
      <line num="127" count="61546" type="cond" truecount="0" falsecount="1"/>
      <line num="128" count="0" type="stmt"/>
      <line num="132" count="71547" type="cond" truecount="1" falsecount="0"/>
      <line num="133" count="20006" type="stmt"/>
      <line num="134" count="20007" type="stmt"/>
      <line num="135" count="20007" type="cond" truecount="1" falsecount="0"/>
      <line num="136" count="20007" type="stmt"/>
      <line num="141" count="71546" type="stmt"/>
      <line num="145" count="566153" type="stmt"/>
      <line num="146" count="583694" type="cond" truecount="1" falsecount="0"/>
      <line num="147" count="398679" type="cond" truecount="1" falsecount="0"/>
      <line num="149" count="25007" type="stmt"/>
      <line num="151" count="25007" type="cond" truecount="1" falsecount="0"/>
      <line num="152" count="20006" type="cond" truecount="1" falsecount="0"/>
      <line num="153" count="20006" type="stmt"/>
      <line num="154" count="20006" type="stmt"/>
      <line num="157" count="20006" type="stmt"/>
      <line num="158" count="20006" type="stmt"/>
      <line num="168" count="148067" type="stmt"/>
    </file>
    <file name="index.ts" path="D:\coding\WakeUp\kernel-l6-test\src\index.ts">
      <metrics statements="1" coveredstatements="1" conditionals="0" coveredconditionals="0" methods="1" coveredmethods="1"/>
      <line num="1" count="380050" type="stmt"/>
    </file>
  </project>
</coverage>
