{"D:\\coding\\WakeUp\\kernel-l6-test\\src\\decision-system.ts": {"path":"D:\\coding\\WakeUp\\kernel-l6-test\\src\\decision-system.ts","statementMap":{"0":{"start":{"line":4,"column":10},"end":{"line":4,"column":55}},"1":{"start":{"line":5,"column":10},"end":{"line":5,"column":43}},"2":{"start":{"line":8,"column":4},"end":{"line":8,"column":32}},"3":{"start":{"line":9,"column":4},"end":{"line":9,"column":25}},"4":{"start":{"line":13,"column":25},"end":{"line":15,"column":32}},"5":{"start":{"line":17,"column":4},"end":{"line":19,"column":5}},"6":{"start":{"line":18,"column":6},"end":{"line":18,"column":39}},"7":{"start":{"line":21,"column":21},"end":{"line":21,"column":38}},"8":{"start":{"line":22,"column":19},"end":{"line":22,"column":36}},"9":{"start":{"line":25,"column":4},"end":{"line":27,"column":5}},"10":{"start":{"line":26,"column":6},"end":{"line":26,"column":52}},"11":{"start":{"line":29,"column":4},"end":{"line":31,"column":5}},"12":{"start":{"line":30,"column":6},"end":{"line":30,"column":39}},"13":{"start":{"line":33,"column":4},"end":{"line":39,"column":5}},"14":{"start":{"line":34,"column":6},"end":{"line":38,"column":7}},"15":{"start":{"line":35,"column":8},"end":{"line":37,"column":9}},"16":{"start":{"line":36,"column":10},"end":{"line":36,"column":50}},"17":{"start":{"line":41,"column":4},"end":{"line":43,"column":5}},"18":{"start":{"line":42,"column":6},"end":{"line":42,"column":41}},"19":{"start":{"line":45,"column":31},"end":{"line":56,"column":6}},"20":{"start":{"line":58,"column":4},"end":{"line":58,"column":41}},"21":{"start":{"line":59,"column":4},"end":{"line":59,"column":18}},"22":{"start":{"line":63,"column":21},"end":{"line":63,"column":43}},"23":{"start":{"line":65,"column":4},"end":{"line":67,"column":5}},"24":{"start":{"line":66,"column":6},"end":{"line":66,"column":39}},"25":{"start":{"line":70,"column":4},"end":{"line":70,"column":25}},"26":{"start":{"line":72,"column":4},"end":{"line":74,"column":5}},"27":{"start":{"line":73,"column":6},"end":{"line":73,"column":48}},"28":{"start":{"line":76,"column":25},"end":{"line":78,"column":37}},"29":{"start":{"line":80,"column":4},"end":{"line":82,"column":5}},"30":{"start":{"line":81,"column":6},"end":{"line":81,"column":46}},"31":{"start":{"line":85,"column":4},"end":{"line":87,"column":5}},"32":{"start":{"line":86,"column":6},"end":{"line":86,"column":41}},"33":{"start":{"line":90,"column":4},"end":{"line":92,"column":5}},"34":{"start":{"line":91,"column":6},"end":{"line":91,"column":41}},"35":{"start":{"line":95,"column":4},"end":{"line":97,"column":5}},"36":{"start":{"line":96,"column":6},"end":{"line":96,"column":46}},"37":{"start":{"line":99,"column":4},"end":{"line":99,"column":33}},"38":{"start":{"line":102,"column":4},"end":{"line":104,"column":5}},"39":{"start":{"line":103,"column":6},"end":{"line":103,"column":35}},"40":{"start":{"line":108,"column":21},"end":{"line":108,"column":43}},"41":{"start":{"line":110,"column":4},"end":{"line":112,"column":5}},"42":{"start":{"line":111,"column":6},"end":{"line":111,"column":39}},"43":{"start":{"line":114,"column":4},"end":{"line":116,"column":5}},"44":{"start":{"line":115,"column":6},"end":{"line":115,"column":48}},"45":{"start":{"line":120,"column":4},"end":{"line":122,"column":5}},"46":{"start":{"line":121,"column":6},"end":{"line":121,"column":42}},"47":{"start":{"line":125,"column":4},"end":{"line":129,"column":5}},"48":{"start":{"line":126,"column":6},"end":{"line":126,"column":35}},"49":{"start":{"line":127,"column":11},"end":{"line":129,"column":5}},"50":{"start":{"line":128,"column":6},"end":{"line":128,"column":42}},"51":{"start":{"line":132,"column":4},"end":{"line":139,"column":5}},"52":{"start":{"line":133,"column":6},"end":{"line":138,"column":7}},"53":{"start":{"line":134,"column":26},"end":{"line":134,"column":50}},"54":{"start":{"line":135,"column":8},"end":{"line":137,"column":9}},"55":{"start":{"line":136,"column":10},"end":{"line":136,"column":32}},"56":{"start":{"line":141,"column":4},"end":{"line":141,"column":33}},"57":{"start":{"line":145,"column":4},"end":{"line":164,"column":5}},"58":{"start":{"line":146,"column":6},"end":{"line":146,"column":47}},"59":{"start":{"line":146,"column":38},"end":{"line":146,"column":47}},"60":{"start":{"line":147,"column":6},"end":{"line":147,"column":42}},"61":{"start":{"line":147,"column":33},"end":{"line":147,"column":42}},"62":{"start":{"line":149,"column":22},"end":{"line":149,"column":59}},"63":{"start":{"line":151,"column":6},"end":{"line":163,"column":7}},"64":{"start":{"line":152,"column":8},"end":{"line":162,"column":9}},"65":{"start":{"line":153,"column":10},"end":{"line":153,"column":56}},"66":{"start":{"line":154,"column":10},"end":{"line":154,"column":39}},"67":{"start":{"line":157,"column":10},"end":{"line":161,"column":11}},"68":{"start":{"line":158,"column":12},"end":{"line":158,"column":38}},"69":{"start":{"line":168,"column":4},"end":{"line":168,"column":34}},"70":{"start":{"line":3,"column":0},"end":{"line":3,"column":13}}},"fnMap":{"0":{"name":"(anonymous_0)","decl":{"start":{"line":3,"column":0},"end":{"line":3,"column":13}},"loc":{"start":{"line":3,"column":0},"end":{"line":170,"column":1}}},"1":{"name":"(anonymous_1)","decl":{"start":{"line":7,"column":2},"end":{"line":7,"column":6}},"loc":{"start":{"line":7,"column":22},"end":{"line":10,"column":3}}},"2":{"name":"(anonymous_2)","decl":{"start":{"line":12,"column":2},"end":{"line":12,"column":6}},"loc":{"start":{"line":12,"column":23},"end":{"line":60,"column":3}}},"3":{"name":"(anonymous_3)","decl":{"start":{"line":62,"column":2},"end":{"line":62,"column":8}},"loc":{"start":{"line":62,"column":35},"end":{"line":105,"column":3}}},"4":{"name":"(anonymous_4)","decl":{"start":{"line":107,"column":2},"end":{"line":107,"column":9}},"loc":{"start":{"line":107,"column":39},"end":{"line":142,"column":3}}},"5":{"name":"(anonymous_5)","decl":{"start":{"line":144,"column":10},"end":{"line":144,"column":23}},"loc":{"start":{"line":144,"column":23},"end":{"line":165,"column":3}}},"6":{"name":"(anonymous_6)","decl":{"start":{"line":167,"column":2},"end":{"line":167,"column":5}},"loc":{"start":{"line":167,"column":16},"end":{"line":169,"column":3}}}},"branchMap":{"0":{"loc":{"start":{"line":13,"column":25},"end":{"line":15,"column":32}},"type":"cond-expr","locations":[{"start":{"line":14,"column":8},"end":{"line":14,"column":19}},{"start":{"line":15,"column":8},"end":{"line":15,"column":32}}]},"1":{"loc":{"start":{"line":17,"column":4},"end":{"line":19,"column":5}},"type":"if","locations":[{"start":{"line":17,"column":4},"end":{"line":19,"column":5}}]},"2":{"loc":{"start":{"line":21,"column":21},"end":{"line":21,"column":38}},"type":"binary-expr","locations":[{"start":{"line":21,"column":21},"end":{"line":21,"column":33}},{"start":{"line":21,"column":37},"end":{"line":21,"column":38}}]},"3":{"loc":{"start":{"line":22,"column":19},"end":{"line":22,"column":36}},"type":"binary-expr","locations":[{"start":{"line":22,"column":19},"end":{"line":22,"column":31}},{"start":{"line":22,"column":35},"end":{"line":22,"column":36}}]},"4":{"loc":{"start":{"line":25,"column":4},"end":{"line":27,"column":5}},"type":"if","locations":[{"start":{"line":25,"column":4},"end":{"line":27,"column":5}}]},"5":{"loc":{"start":{"line":25,"column":8},"end":{"line":25,"column":53}},"type":"binary-expr","locations":[{"start":{"line":25,"column":8},"end":{"line":25,"column":23}},{"start":{"line":25,"column":27},"end":{"line":25,"column":53}}]},"6":{"loc":{"start":{"line":29,"column":4},"end":{"line":31,"column":5}},"type":"if","locations":[{"start":{"line":29,"column":4},"end":{"line":31,"column":5}}]},"7":{"loc":{"start":{"line":33,"column":4},"end":{"line":39,"column":5}},"type":"if","locations":[{"start":{"line":33,"column":4},"end":{"line":39,"column":5}}]},"8":{"loc":{"start":{"line":35,"column":8},"end":{"line":37,"column":9}},"type":"if","locations":[{"start":{"line":35,"column":8},"end":{"line":37,"column":9}}]},"9":{"loc":{"start":{"line":41,"column":4},"end":{"line":43,"column":5}},"type":"if","locations":[{"start":{"line":41,"column":4},"end":{"line":43,"column":5}}]},"10":{"loc":{"start":{"line":53,"column":19},"end":{"line":53,"column":43}},"type":"binary-expr","locations":[{"start":{"line":53,"column":19},"end":{"line":53,"column":34}},{"start":{"line":53,"column":38},"end":{"line":53,"column":43}}]},"11":{"loc":{"start":{"line":54,"column":11},"end":{"line":54,"column":26}},"type":"binary-expr","locations":[{"start":{"line":54,"column":11},"end":{"line":54,"column":18}},{"start":{"line":54,"column":22},"end":{"line":54,"column":26}}]},"12":{"loc":{"start":{"line":55,"column":21},"end":{"line":55,"column":44}},"type":"binary-expr","locations":[{"start":{"line":55,"column":21},"end":{"line":55,"column":38}},{"start":{"line":55,"column":42},"end":{"line":55,"column":44}}]},"13":{"loc":{"start":{"line":65,"column":4},"end":{"line":67,"column":5}},"type":"if","locations":[{"start":{"line":65,"column":4},"end":{"line":67,"column":5}}]},"14":{"loc":{"start":{"line":72,"column":4},"end":{"line":74,"column":5}},"type":"if","locations":[{"start":{"line":72,"column":4},"end":{"line":74,"column":5}}]},"15":{"loc":{"start":{"line":76,"column":25},"end":{"line":78,"column":37}},"type":"cond-expr","locations":[{"start":{"line":77,"column":8},"end":{"line":77,"column":24}},{"start":{"line":78,"column":8},"end":{"line":78,"column":37}}]},"16":{"loc":{"start":{"line":80,"column":4},"end":{"line":82,"column":5}},"type":"if","locations":[{"start":{"line":80,"column":4},"end":{"line":82,"column":5}}]},"17":{"loc":{"start":{"line":85,"column":4},"end":{"line":87,"column":5}},"type":"if","locations":[{"start":{"line":85,"column":4},"end":{"line":87,"column":5}}]},"18":{"loc":{"start":{"line":90,"column":4},"end":{"line":92,"column":5}},"type":"if","locations":[{"start":{"line":90,"column":4},"end":{"line":92,"column":5}}]},"19":{"loc":{"start":{"line":90,"column":8},"end":{"line":90,"column":59}},"type":"binary-expr","locations":[{"start":{"line":90,"column":8},"end":{"line":90,"column":29}},{"start":{"line":90,"column":33},"end":{"line":90,"column":59}}]},"20":{"loc":{"start":{"line":95,"column":4},"end":{"line":97,"column":5}},"type":"if","locations":[{"start":{"line":95,"column":4},"end":{"line":97,"column":5}}]},"21":{"loc":{"start":{"line":102,"column":4},"end":{"line":104,"column":5}},"type":"if","locations":[{"start":{"line":102,"column":4},"end":{"line":104,"column":5}}]},"22":{"loc":{"start":{"line":107,"column":22},"end":{"line":107,"column":39}},"type":"default-arg","locations":[{"start":{"line":107,"column":37},"end":{"line":107,"column":39}}]},"23":{"loc":{"start":{"line":110,"column":4},"end":{"line":112,"column":5}},"type":"if","locations":[{"start":{"line":110,"column":4},"end":{"line":112,"column":5}}]},"24":{"loc":{"start":{"line":114,"column":4},"end":{"line":116,"column":5}},"type":"if","locations":[{"start":{"line":114,"column":4},"end":{"line":116,"column":5}}]},"25":{"loc":{"start":{"line":120,"column":4},"end":{"line":122,"column":5}},"type":"if","locations":[{"start":{"line":120,"column":4},"end":{"line":122,"column":5}}]},"26":{"loc":{"start":{"line":125,"column":4},"end":{"line":129,"column":5}},"type":"if","locations":[{"start":{"line":125,"column":4},"end":{"line":129,"column":5}},{"start":{"line":127,"column":11},"end":{"line":129,"column":5}}]},"27":{"loc":{"start":{"line":125,"column":8},"end":{"line":125,"column":61}},"type":"binary-expr","locations":[{"start":{"line":125,"column":8},"end":{"line":125,"column":34}},{"start":{"line":125,"column":38},"end":{"line":125,"column":61}}]},"28":{"loc":{"start":{"line":127,"column":11},"end":{"line":129,"column":5}},"type":"if","locations":[{"start":{"line":127,"column":11},"end":{"line":129,"column":5}}]},"29":{"loc":{"start":{"line":132,"column":4},"end":{"line":139,"column":5}},"type":"if","locations":[{"start":{"line":132,"column":4},"end":{"line":139,"column":5}}]},"30":{"loc":{"start":{"line":135,"column":8},"end":{"line":137,"column":9}},"type":"if","locations":[{"start":{"line":135,"column":8},"end":{"line":137,"column":9}}]},"31":{"loc":{"start":{"line":146,"column":6},"end":{"line":146,"column":47}},"type":"if","locations":[{"start":{"line":146,"column":6},"end":{"line":146,"column":47}}]},"32":{"loc":{"start":{"line":147,"column":6},"end":{"line":147,"column":42}},"type":"if","locations":[{"start":{"line":147,"column":6},"end":{"line":147,"column":42}}]},"33":{"loc":{"start":{"line":151,"column":6},"end":{"line":163,"column":7}},"type":"if","locations":[{"start":{"line":151,"column":6},"end":{"line":163,"column":7}}]},"34":{"loc":{"start":{"line":152,"column":8},"end":{"line":162,"column":9}},"type":"if","locations":[{"start":{"line":152,"column":8},"end":{"line":162,"column":9}}]}},"s":{"0":380049,"1":380049,"2":64455,"3":64455,"4":399344,"5":399344,"6":2,"7":399342,"8":399342,"9":399342,"10":3,"11":399342,"12":1,"13":399341,"14":30009,"15":30009,"16":10001,"17":389340,"18":1,"19":389339,"20":389339,"21":389339,"22":511699,"23":511699,"24":10001,"25":501698,"26":501698,"27":2,"28":501696,"29":501696,"30":110001,"31":391695,"32":100002,"33":291693,"34":1,"35":291692,"36":10001,"37":281691,"38":281691,"39":272950,"40":71552,"41":71552,"42":1,"43":71551,"44":1,"45":71550,"46":3,"47":71547,"48":10001,"49":61546,"50":0,"51":71547,"52":20006,"53":20007,"54":20007,"55":20007,"56":71546,"57":566153,"58":583694,"59":185015,"60":398679,"61":373672,"62":25007,"63":25007,"64":20006,"65":20006,"66":20006,"67":20006,"68":20006,"69":148067,"70":1},"f":{"0":380049,"1":64455,"2":399344,"3":511699,"4":71552,"5":566153,"6":148067},"b":{"0":[369335,30009],"1":[2],"2":[399342,359334],"3":[399342,249332],"4":[3],"5":[399342,140010],"6":[1],"7":[30009],"8":[10001],"9":[1],"10":[389339,229327],"11":[389339,364332],"12":[389339,369331],"13":[10001],"14":[2],"15":[471687,30009],"16":[110001],"17":[100002],"18":[1],"19":[291693,71546],"20":[10001],"21":[272950],"22":[61548],"23":[1],"24":[1],"25":[3],"26":[10001,61546],"27":[71547,10001],"28":[0],"29":[20006],"30":[20007],"31":[185015],"32":[373672],"33":[20006],"34":[20006]}}
,"D:\\coding\\WakeUp\\kernel-l6-test\\src\\index.ts": {"path":"D:\\coding\\WakeUp\\kernel-l6-test\\src\\index.ts","statementMap":{"0":{"start":{"line":1,"column":0},"end":{"line":1,"column":9}},"1":{"start":{"line":1,"column":9},"end":{"line":1,"column":51}}},"fnMap":{"0":{"name":"(anonymous_0)","decl":{"start":{"line":1,"column":9},"end":{"line":1,"column":23}},"loc":{"start":{"line":1,"column":9},"end":{"line":1,"column":51}}}},"branchMap":{},"s":{"0":1,"1":380050},"f":{"0":380049},"b":{}}
}
