{"total": {"lines":{"total":400,"covered":400,"skipped":0,"pct":100},"statements":{"total":400,"covered":400,"skipped":0,"pct":100},"functions":{"total":19,"covered":19,"skipped":0,"pct":100},"branches":{"total":157,"covered":157,"skipped":0,"pct":100},"branchesTrue":{"total":0,"covered":0,"skipped":0,"pct":"Unknown"}}
,"D:\\coding\\WakeUp\\kernel-l7-test\\src\\topology.ts": {"lines":{"total":400,"covered":400,"skipped":0,"pct":100},"functions":{"total":19,"covered":19,"skipped":0,"pct":100},"statements":{"total":400,"covered":400,"skipped":0,"pct":100},"branches":{"total":157,"covered":157,"skipped":0,"pct":100}}
}
