TN:
SF:src\decision-system.ts
FN:3,(anonymous_0)
FN:7,(anonymous_1)
FN:12,(anonymous_2)
FN:62,(anonymous_3)
FN:107,(anonymous_4)
FN:144,(anonymous_5)
FN:167,(anonymous_6)
FNF:7
FNH:7
FNDA:380049,(anonymous_0)
FNDA:64455,(anonymous_1)
FNDA:399344,(anonymous_2)
FNDA:511699,(anonymous_3)
FNDA:71552,(anonymous_4)
FNDA:566153,(anonymous_5)
FNDA:148067,(anonymous_6)
DA:3,1
DA:4,380049
DA:5,380049
DA:8,64455
DA:9,64455
DA:13,399344
DA:17,399344
DA:18,2
DA:21,399342
DA:22,399342
DA:25,399342
DA:26,3
DA:29,399342
DA:30,1
DA:33,399341
DA:34,30009
DA:35,30009
DA:36,10001
DA:41,389340
DA:42,1
DA:45,389339
DA:58,389339
DA:59,389339
DA:63,511699
DA:65,511699
DA:66,10001
DA:70,501698
DA:72,501698
DA:73,2
DA:76,501696
DA:80,501696
DA:81,110001
DA:85,391695
DA:86,100002
DA:90,291693
DA:91,1
DA:95,291692
DA:96,10001
DA:99,281691
DA:102,281691
DA:103,272950
DA:108,71552
DA:110,71552
DA:111,1
DA:114,71551
DA:115,1
DA:120,71550
DA:121,3
DA:125,71547
DA:126,10001
DA:127,61546
DA:128,0
DA:132,71547
DA:133,20006
DA:134,20007
DA:135,20007
DA:136,20007
DA:141,71546
DA:145,566153
DA:146,583694
DA:147,398679
DA:149,25007
DA:151,25007
DA:152,20006
DA:153,20006
DA:154,20006
DA:157,20006
DA:158,20006
DA:168,148067
LF:69
LH:68
BRDA:13,0,0,369335
BRDA:13,0,1,30009
BRDA:17,1,0,2
BRDA:21,2,0,399342
BRDA:21,2,1,359334
BRDA:22,3,0,399342
BRDA:22,3,1,249332
BRDA:25,4,0,3
BRDA:25,5,0,399342
BRDA:25,5,1,140010
BRDA:29,6,0,1
BRDA:33,7,0,30009
BRDA:35,8,0,10001
BRDA:41,9,0,1
BRDA:53,10,0,389339
BRDA:53,10,1,229327
BRDA:54,11,0,389339
BRDA:54,11,1,364332
BRDA:55,12,0,389339
BRDA:55,12,1,369331
BRDA:65,13,0,10001
BRDA:72,14,0,2
BRDA:76,15,0,471687
BRDA:76,15,1,30009
BRDA:80,16,0,110001
BRDA:85,17,0,100002
BRDA:90,18,0,1
BRDA:90,19,0,291693
BRDA:90,19,1,71546
BRDA:95,20,0,10001
BRDA:102,21,0,272950
BRDA:107,22,0,61548
BRDA:110,23,0,1
BRDA:114,24,0,1
BRDA:120,25,0,3
BRDA:125,26,0,10001
BRDA:125,26,1,61546
BRDA:125,27,0,71547
BRDA:125,27,1,10001
BRDA:127,28,0,0
BRDA:132,29,0,20006
BRDA:135,30,0,20007
BRDA:146,31,0,185015
BRDA:147,32,0,373672
BRDA:151,33,0,20006
BRDA:152,34,0,20006
BRF:46
BRH:45
end_of_record
TN:
SF:src\index.ts
FN:1,(anonymous_0)
FNF:1
FNH:1
FNDA:380049,(anonymous_0)
DA:1,380050
LF:1
LH:1
BRF:0
BRH:0
end_of_record
