{"total": {"lines":{"total":381,"covered":355,"skipped":0,"pct":93.17},"statements":{"total":469,"covered":418,"skipped":0,"pct":89.12},"functions":{"total":80,"covered":78,"skipped":0,"pct":97.5},"branches":{"total":332,"covered":257,"skipped":0,"pct":77.4},"branchesTrue":{"total":0,"covered":0,"skipped":0,"pct":100}}
,"D:\\coding\\WakeUp\\kernel-l3-test\\src\\invariants.ts": {"lines":{"total":139,"covered":128,"skipped":0,"pct":92.08},"functions":{"total":39,"covered":38,"skipped":0,"pct":97.43},"statements":{"total":185,"covered":161,"skipped":0,"pct":87.02},"branches":{"total":139,"covered":106,"skipped":0,"pct":76.25}}
,"D:\\coding\\WakeUp\\kernel-l3-test\\src\\registry.ts": {"lines":{"total":27,"covered":27,"skipped":0,"pct":100},"functions":{"total":9,"covered":9,"skipped":0,"pct":100},"statements":{"total":32,"covered":30,"skipped":0,"pct":93.75},"branches":{"total":17,"covered":14,"skipped":0,"pct":82.35}}
,"D:\\coding\\WakeUp\\kernel-l3-test\\src\\transaction.ts": {"lines":{"total":28,"covered":27,"skipped":0,"pct":96.42},"functions":{"total":7,"covered":6,"skipped":0,"pct":85.71},"statements":{"total":33,"covered":27,"skipped":0,"pct":81.81},"branches":{"total":16,"covered":10,"skipped":0,"pct":62.5}}
,"D:\\coding\\WakeUp\\kernel-l3-test\\src\\world.ts": {"lines":{"total":67,"covered":67,"skipped":0,"pct":100},"functions":{"total":18,"covered":18,"skipped":0,"pct":100},"statements":{"total":73,"covered":72,"skipped":0,"pct":98.63},"branches":{"total":52,"covered":41,"skipped":0,"pct":78.84}}
,"D:\\coding\\WakeUp\\kernel-l3-test\\src\\ops\\cost.ts": {"lines":{"total":39,"covered":33,"skipped":0,"pct":84.61},"functions":{"total":3,"covered":3,"skipped":0,"pct":100},"statements":{"total":43,"covered":37,"skipped":0,"pct":86.04},"branches":{"total":29,"covered":21,"skipped":0,"pct":72.41}}
,"D:\\coding\\WakeUp\\kernel-l3-test\\src\\ops\\entity.ts": {"lines":{"total":27,"covered":25,"skipped":0,"pct":92.59},"functions":{"total":1,"covered":1,"skipped":0,"pct":100},"statements":{"total":33,"covered":31,"skipped":0,"pct":93.93},"branches":{"total":34,"covered":30,"skipped":0,"pct":88.23}}
,"D:\\coding\\WakeUp\\kernel-l3-test\\src\\ops\\stack.ts": {"lines":{"total":54,"covered":48,"skipped":0,"pct":88.88},"functions":{"total":3,"covered":3,"skipped":0,"pct":100},"statements":{"total":70,"covered":60,"skipped":0,"pct":85.71},"branches":{"total":45,"covered":35,"skipped":0,"pct":77.77}}
}
